20:16:14.240 INFO  gov.gsa.fssi.fileprocessor.Main [main] - Starting FSSI File Processor
20:16:14.244 INFO  gov.gsa.fssi.fileprocessor.Main [main] - Starting Phase 1: Initialization
20:16:14.246 DEBUG g.g.f.f.schemas.SchemaManager [initializeSchemas] - Starting initializeSchemas('./working/schemas/')
20:16:14.248 INFO  g.g.f.fileprocessor.FileHelper [getFilesFromDirectory] - getFilesFromDirectory Looking in './working/schemas/' for '.xml' files.
20:16:14.248 INFO  g.g.f.fileprocessor.FileHelper [getFilesFromDirectory] - Ignoring 'jansan.csvs' because it is not in whitelist
20:16:14.248 INFO  g.g.f.fileprocessor.FileHelper [getFilesFromDirectory] - Ignoring 'mro.csvs' because it is not in whitelist
20:16:14.249 INFO  g.g.f.fileprocessor.FileHelper [getFilesFromDirectory] - Added 'mro.xml' to ArrayList
20:16:14.249 INFO  g.g.f.fileprocessor.FileHelper [getFilesFromDirectory] - Ignoring 'README.md' because it is not in whitelist
20:16:14.249 INFO  g.g.f.fileprocessor.FileHelper [getFilesFromDirectory] - Added 1 out of 4 files
20:16:14.260 INFO  g.g.f.f.schemas.SchemaManager [initializeSchemas] - Completed Schema setup. Added 1 Schemas
20:16:14.260 DEBUG gov.gsa.fssi.fileprocessor.Main [main] - Printing Schemas
20:16:14.261 DEBUG g.g.f.f.schemas.Schema [print] - Name: 'MRO' Version: '1.0' Provider: 'MRO' EffectiveReportingPeriod: '201410' 
20:16:14.261 DEBUG g.g.f.f.schemas.fields.Field [print] -      Field 'ORDER_NUMBER' Description: 'Each order should be identified by a unique order identification number' Alias: [Ord_Num, Order_Num, Ord_Number], Constraints: {dataType=Number, required=true}
20:16:14.261 DEBUG g.g.f.f.schemas.fields.Field [print] -      Field 'ORDER_DATE' Description: 'URI from ODC of publishing organization' Alias: [Ord_Date], Constraints: {required=true}
20:16:14.263 DEBUG g.g.f.f.p.ProviderManager [initializeProviders] - Starting initializeProviders('./working/providers/')
20:16:14.264 INFO  g.g.f.fileprocessor.FileHelper [getFilesFromDirectory] - getFilesFromDirectory Looking in './working/providers/' for '.xlsx' files.
20:16:14.264 INFO  g.g.f.fileprocessor.FileHelper [getFilesFromDirectory] - Ignoring '.DS_Store' because it is not in whitelist
20:16:14.264 INFO  g.g.f.fileprocessor.FileHelper [getFilesFromDirectory] - Added 'providers.xlsx' to ArrayList
20:16:14.264 INFO  g.g.f.fileprocessor.FileHelper [getFilesFromDirectory] - Added 'Providers_Dummy.xlsx' to ArrayList
20:16:14.264 INFO  g.g.f.fileprocessor.FileHelper [getFilesFromDirectory] - Added 2 out of 3 files
20:16:15.011 INFO  g.g.f.f.p.ProviderManager [initializeProviders] - Successfully Processed 58 Providers (0 Failed) from 'providers.xlsx'
20:16:15.035 WARN  g.g.f.f.p.ProviderManager [initializeProviders] - Found provider with same identifier 'GS23FBA017' in 'Providers_Dummy.xlsx'. Providers must be unique
20:16:15.036 WARN  g.g.f.f.p.ProviderManager [initializeProviders] - Found provider with same identifier 'GS23FBA011' in 'Providers_Dummy.xlsx'. Providers must be unique
20:16:15.037 INFO  g.g.f.f.p.ProviderManager [initializeProviders] - Successfully Processed 1 Providers (2 Failed) from 'Providers_Dummy.xlsx'
20:16:15.037 DEBUG gov.gsa.fssi.fileprocessor.Main [main] - Printing Providers
20:16:15.037 DEBUG g.g.f.f.providers.Provider [print] - Id: '002' Name: 'JANSAN' Identifier: 'GS07FBA385' Email: 'david.larrimore@gmail.com' OutputType 'csv'
20:16:15.037 DEBUG g.g.f.f.providers.Provider [print] - Id: '002' Name: 'JANSAN' Identifier: 'GS07FBA386' Email: 'david.larrimore@gmail.com' OutputType 'csv'
20:16:15.037 DEBUG g.g.f.f.providers.Provider [print] - Id: '002' Name: 'JANSAN' Identifier: 'GS07FBA387' Email: 'david.larrimore@gmail.com' OutputType 'csv'
20:16:15.037 DEBUG g.g.f.f.providers.Provider [print] - Id: '002' Name: 'JANSAN' Identifier: 'GS07FBA388' Email: 'david.larrimore@gmail.com' OutputType 'csv'
20:16:15.038 DEBUG g.g.f.f.providers.Provider [print] - Id: '002' Name: 'JANSAN' Identifier: 'GS07FBA390' Email: 'david.larrimore@gmail.com' OutputType 'csv'
20:16:15.038 DEBUG g.g.f.f.providers.Provider [print] - Id: '002' Name: 'JANSAN' Identifier: 'GS07FBA391' Email: 'david.larrimore@gmail.com' OutputType 'csv'
20:16:15.038 DEBUG g.g.f.f.providers.Provider [print] - Id: '002' Name: 'JANSAN' Identifier: 'GS07FBA389' Email: 'david.larrimore@gmail.com' OutputType 'csv'
20:16:15.038 DEBUG g.g.f.f.providers.Provider [print] - Id: '002' Name: 'JANSAN' Identifier: 'GS07FBA394' Email: 'david.larrimore@gmail.com' OutputType 'csv'
20:16:15.038 DEBUG g.g.f.f.providers.Provider [print] - Id: '002' Name: 'JANSAN' Identifier: 'GS07FBA396' Email: 'david.larrimore@gmail.com' OutputType 'csv'
20:16:15.038 DEBUG g.g.f.f.providers.Provider [print] - Id: '002' Name: 'JANSAN' Identifier: 'GS07FBA400' Email: 'david.larrimore@gmail.com' OutputType 'csv'
20:16:15.039 DEBUG g.g.f.f.providers.Provider [print] - Id: '002' Name: 'JANSAN' Identifier: 'GS07FBA401' Email: 'david.larrimore@gmail.com' OutputType 'csv'
20:16:15.039 DEBUG g.g.f.f.providers.Provider [print] - Id: '002' Name: 'JANSAN' Identifier: 'GS07FBA392' Email: 'david.larrimore@gmail.com' OutputType 'csv'
20:16:15.039 DEBUG g.g.f.f.providers.Provider [print] - Id: '002' Name: 'JANSAN' Identifier: 'GS07FBA407' Email: 'david.larrimore@gmail.com' OutputType 'csv'
20:16:15.039 DEBUG g.g.f.f.providers.Provider [print] - Id: '002' Name: 'JANSAN' Identifier: 'GS07FBA393' Email: 'david.larrimore@gmail.com' OutputType 'csv'
20:16:15.039 DEBUG g.g.f.f.providers.Provider [print] - Id: '002' Name: 'JANSAN' Identifier: 'GS07FBA395' Email: 'david.larrimore@gmail.com' OutputType 'csv'
20:16:15.039 DEBUG g.g.f.f.providers.Provider [print] - Id: '002' Name: 'JANSAN' Identifier: 'GS07FBA397' Email: 'david.larrimore@gmail.com' OutputType 'csv'
20:16:15.039 DEBUG g.g.f.f.providers.Provider [print] - Id: '002' Name: 'JANSAN' Identifier: 'GS07FBA398' Email: 'david.larrimore@gmail.com' OutputType 'csv'
20:16:15.039 DEBUG g.g.f.f.providers.Provider [print] - Id: '002' Name: 'JANSAN' Identifier: 'GS07FBA399' Email: 'david.larrimore@gmail.com' OutputType 'csv'
20:16:15.040 DEBUG g.g.f.f.providers.Provider [print] - Id: '004' Name: 'PM' Identifier: 'GS03FAA005' Email: 'david.larrimore@gmail.com' OutputType 'csv'
20:16:15.040 DEBUG g.g.f.f.providers.Provider [print] - Id: '004' Name: 'PM' Identifier: 'GS03FAA004' Email: 'david.larrimore@gmail.com' OutputType 'csv'
20:16:15.040 DEBUG g.g.f.f.providers.Provider [print] - Id: '004' Name: 'PM' Identifier: 'GS03FAA006' Email: 'david.larrimore@gmail.com' OutputType 'csv'
20:16:15.040 DEBUG g.g.f.f.providers.Provider [print] - Id: '004' Name: 'PM' Identifier: 'GS03FPM003' Email: 'david.larrimore@gmail.com' OutputType 'csv'
20:16:15.040 DEBUG g.g.f.f.providers.Provider [print] - Id: '004' Name: 'PM' Identifier: 'GS03FPM004' Email: 'david.larrimore@gmail.com' OutputType 'csv'
20:16:15.040 DEBUG g.g.f.f.providers.Provider [print] - Id: '004' Name: 'PM' Identifier: 'GS03FPM005' Email: 'david.larrimore@gmail.com' OutputType 'csv'
20:16:15.040 DEBUG g.g.f.f.providers.Provider [print] - Id: '004' Name: 'PM' Identifier: 'GS03FPM009' Email: 'david.larrimore@gmail.com' OutputType 'csv'
20:16:15.041 DEBUG g.g.f.f.providers.Provider [print] - Id: '004' Name: 'PM' Identifier: 'GS03FPM008' Email: 'david.larrimore@gmail.com' OutputType 'csv'
20:16:15.041 DEBUG g.g.f.f.providers.Provider [print] - Id: '004' Name: 'PM' Identifier: 'GS03FPM010' Email: 'david.larrimore@gmail.com' OutputType 'csv'
20:16:15.041 DEBUG g.g.f.f.providers.Provider [print] - Id: '004' Name: 'PM' Identifier: 'GS03FPM001' Email: 'david.larrimore@gmail.com' OutputType 'csv'
20:16:15.041 DEBUG g.g.f.f.providers.Provider [print] - Id: '004' Name: 'PM' Identifier: 'GS03FPM006' Email: 'david.larrimore@gmail.com' OutputType 'csv'
20:16:15.041 DEBUG g.g.f.f.providers.Provider [print] - Id: '004' Name: 'PM' Identifier: 'GS03FPM007' Email: 'david.larrimore@gmail.com' OutputType 'csv'
20:16:15.041 DEBUG g.g.f.f.providers.Provider [print] - Id: '004' Name: 'PM' Identifier: 'GS03FPM011' Email: 'david.larrimore@gmail.com' OutputType 'csv'
20:16:15.041 DEBUG g.g.f.f.providers.Provider [print] - Id: '005' Name: 'WIRELESS' Identifier: 'GS00Q13NSA3000' Email: 'david.larrimore@gmail.com' OutputType 'csv'
20:16:15.041 DEBUG g.g.f.f.providers.Provider [print] - Id: '005' Name: 'WIRELESS' Identifier: 'GS00Q13NSA3001' Email: 'david.larrimore@gmail.com' OutputType 'csv'
20:16:15.042 DEBUG g.g.f.f.providers.Provider [print] - Id: '005' Name: 'WIRELESS' Identifier: 'GS00Q13NSA3002' Email: 'david.larrimore@gmail.com' OutputType 'csv'
20:16:15.042 DEBUG g.g.f.f.providers.Provider [print] - Id: '005' Name: 'WIRELESS' Identifier: 'GS00Q13NSA3003' Email: 'david.larrimore@gmail.com' OutputType 'csv'
20:16:15.042 DEBUG g.g.f.f.providers.Provider [print] - Id: '001' Name: 'MRO' Identifier: 'GS23FBA005' Email: 'david.larrimore@gmail.com' OutputType 'csv'
20:16:15.042 DEBUG g.g.f.f.providers.Provider [print] - Id: '001' Name: 'MRO' Identifier: 'GS23FBA017' Email: 'david.larrimore@gmail.com' OutputType 'csv'
20:16:15.042 DEBUG g.g.f.f.providers.Provider [print] - Id: '001' Name: 'MRO' Identifier: 'GS23FBA016' Email: 'david.larrimore@gmail.com' OutputType 'csv'
20:16:15.042 DEBUG g.g.f.f.providers.Provider [print] - Id: '001' Name: 'MRO' Identifier: 'GS23FBA006' Email: 'david.larrimore@gmail.com' OutputType 'csv'
20:16:15.042 DEBUG g.g.f.f.providers.Provider [print] - Id: '001' Name: 'MRO' Identifier: 'GS23FBA007' Email: 'david.larrimore@gmail.com' OutputType 'csv'
20:16:15.043 DEBUG g.g.f.f.providers.Provider [print] - Id: '001' Name: 'MRO' Identifier: 'GS23FBA008' Email: 'david.larrimore@gmail.com' OutputType 'csv'
20:16:15.043 DEBUG g.g.f.f.providers.Provider [print] - Id: '001' Name: 'MRO' Identifier: 'GS23FBA009' Email: 'david.larrimore@gmail.com' OutputType 'csv'
20:16:15.043 DEBUG g.g.f.f.providers.Provider [print] - Id: '001' Name: 'MRO' Identifier: 'GS23FBA012' Email: 'david.larrimore@gmail.com' OutputType 'csv'
20:16:15.043 DEBUG g.g.f.f.providers.Provider [print] - Id: '001' Name: 'MRO' Identifier: 'GS23FBA013' Email: 'david.larrimore@gmail.com' OutputType 'csv'
20:16:15.043 DEBUG g.g.f.f.providers.Provider [print] - Id: '001' Name: 'MRO' Identifier: 'GS23FBA014' Email: 'david.larrimore@gmail.com' OutputType 'csv'
20:16:15.043 DEBUG g.g.f.f.providers.Provider [print] - Id: '001' Name: 'MRO' Identifier: 'GS23FBA015' Email: 'david.larrimore@gmail.com' OutputType 'csv'
20:16:15.043 DEBUG g.g.f.f.providers.Provider [print] - Id: '006' Name: 'DDS3' Identifier: 'GS33FBA016' Email: 'david.larrimore@gmail.com' OutputType 'csv'
20:16:15.043 DEBUG g.g.f.f.providers.Provider [print] - Id: '006' Name: 'DDS3' Identifier: 'GS33FCA001' Email: 'david.larrimore@gmail.com' OutputType 'csv'
20:16:15.044 DEBUG g.g.f.f.providers.Provider [print] - Id: '003' Name: 'OS3' Identifier: 'GS02Q14DCR0007' Email: 'david.larrimore@gmail.com' OutputType 'csv'
20:16:15.044 DEBUG g.g.f.f.providers.Provider [print] - Id: '003' Name: 'OS3' Identifier: 'GS02Q14DCR0001' Email: 'david.larrimore@gmail.com' OutputType 'csv'
20:16:15.044 DEBUG g.g.f.f.providers.Provider [print] - Id: '003' Name: 'OS3' Identifier: 'GS02Q14DCR0002' Email: 'david.larrimore@gmail.com' OutputType 'csv'
20:16:15.044 DEBUG g.g.f.f.providers.Provider [print] - Id: '003' Name: 'OS3' Identifier: 'GS02Q14DCR0006' Email: 'david.larrimore@gmail.com' OutputType 'csv'
20:16:15.044 DEBUG g.g.f.f.providers.Provider [print] - Id: '003' Name: 'OS3' Identifier: 'GS02Q14DCR0011' Email: 'david.larrimore@gmail.com' OutputType 'csv'
20:16:15.044 DEBUG g.g.f.f.providers.Provider [print] - Id: '003' Name: 'OS3' Identifier: 'GS02Q14DCR0012' Email: 'david.larrimore@gmail.com' OutputType 'csv'
20:16:15.044 DEBUG g.g.f.f.providers.Provider [print] - Id: '003' Name: 'OS3' Identifier: 'GS02Q14DCR0015' Email: 'david.larrimore@gmail.com' OutputType 'csv'
20:16:15.045 DEBUG g.g.f.f.providers.Provider [print] - Id: '003' Name: 'OS3' Identifier: 'GS02Q14DCR0008' Email: 'david.larrimore@gmail.com' OutputType 'csv'
20:16:15.045 DEBUG g.g.f.f.providers.Provider [print] - Id: '003' Name: 'OS3' Identifier: 'GS02Q14DCR0009' Email: 'david.larrimore@gmail.com' OutputType 'csv'
20:16:15.045 DEBUG g.g.f.f.providers.Provider [print] - Id: '003' Name: 'OS3' Identifier: 'GS02Q14DCR0004' Email: 'david.larrimore@gmail.com' OutputType 'csv'
20:16:15.045 DEBUG g.g.f.f.providers.Provider [print] - Id: '001' Name: 'MRO' Identifier: 'GS23FBA011' Email: 'david.larrimore@gmail.com' OutputType 'xlsx'
20:16:15.046 DEBUG g.g.f.f.s.SourceFileManager [initializeSourceFiles] - Starting initializeSourceFiles('./working/srcfiles/')
20:16:15.046 INFO  g.g.f.fileprocessor.FileHelper [getFilesFromDirectory] - getFilesFromDirectory Looking in './working/srcfiles/' for '.csv ' files.
20:16:15.047 INFO  g.g.f.fileprocessor.FileHelper [getFilesFromDirectory] - Ignoring '.DS_Store' because it is not in whitelist
20:16:15.047 INFO  g.g.f.fileprocessor.FileHelper [getFilesFromDirectory] - Added 'GS23FBA005_usg_102014.csv' to ArrayList
20:16:15.047 INFO  g.g.f.fileprocessor.FileHelper [getFilesFromDirectory] - Added 'GS23FBA006_usg_102014.csv' to ArrayList
20:16:15.047 INFO  g.g.f.fileprocessor.FileHelper [getFilesFromDirectory] - Added 'GS23FBA007_usg_102014.csv' to ArrayList
20:16:15.047 INFO  g.g.f.fileprocessor.FileHelper [getFilesFromDirectory] - Added 'GS23FBA008_usg_102014.csv' to ArrayList
20:16:15.047 INFO  g.g.f.fileprocessor.FileHelper [getFilesFromDirectory] - Added 'GS23FBA009_usg_102014 test.csv' to ArrayList
20:16:15.048 INFO  g.g.f.fileprocessor.FileHelper [getFilesFromDirectory] - Added 'GS23FBA010_usg_102014 test.csv' to ArrayList
20:16:15.048 INFO  g.g.f.fileprocessor.FileHelper [getFilesFromDirectory] - Added 'GS23FBA011_usg_102014.csv' to ArrayList
20:16:15.048 INFO  g.g.f.fileprocessor.FileHelper [getFilesFromDirectory] - Added 'GS23FBA012_usg_102014.csv' to ArrayList
20:16:15.048 INFO  g.g.f.fileprocessor.FileHelper [getFilesFromDirectory] - Added 'GS23FBA013_usg_102014.csv' to ArrayList
20:16:15.048 INFO  g.g.f.fileprocessor.FileHelper [getFilesFromDirectory] - Added 'GS23FBA014_usg_102014.csv' to ArrayList
20:16:15.048 INFO  g.g.f.fileprocessor.FileHelper [getFilesFromDirectory] - Added 'GS23FBA015_usg_102014.csv' to ArrayList
20:16:15.048 INFO  g.g.f.fileprocessor.FileHelper [getFilesFromDirectory] - Added 'GS23FBA016_usg_102014.csv' to ArrayList
20:16:15.049 INFO  g.g.f.fileprocessor.FileHelper [getFilesFromDirectory] - Added 'GS23FBA017_usg_102014.csv' to ArrayList
20:16:15.049 INFO  g.g.f.fileprocessor.FileHelper [getFilesFromDirectory] - Added 'GS23FBA018_usg_102014 copy.csv' to ArrayList
20:16:15.049 INFO  g.g.f.fileprocessor.FileHelper [getFilesFromDirectory] - Ignoring 'README.md' because it is not in whitelist
20:16:15.049 INFO  g.g.f.fileprocessor.FileHelper [getFilesFromDirectory] - Added 14 out of 16 files
20:16:15.050 INFO  gov.gsa.fssi.fileprocessor.Main [main] - Completed Phase 1
20:16:15.050 INFO  gov.gsa.fssi.fileprocessor.Main [main] - Starting Phase 2: Mapping
20:16:15.053 WARN  g.g.f.f.s.SourceFileManager [validateSourceFileProviders] - No Provider found for file 'GS23FBA010_usg_102014 test.csv' (Array Index #5). File has been marked for removal
20:16:15.057 WARN  g.g.f.f.s.SourceFileManager [validateSourceFileProviders] - No Provider found for file 'GS23FBA018_usg_102014 copy.csv' (Array Index #13). File has been marked for removal
20:16:15.058 WARN  g.g.f.f.s.SourceFileManager [validateSourceFileProviders] - Removing sourceFile with index of '13'
20:16:15.058 WARN  g.g.f.f.s.SourceFileManager [validateSourceFileProviders] - Removing sourceFile with index of '5'
20:16:15.058 INFO  gov.gsa.fssi.fileprocessor.Main [main] - Completed Phase 2
20:16:15.058 INFO  gov.gsa.fssi.fileprocessor.Main [main] - Starting Phase 3: File Processing
20:16:15.058 INFO  g.g.f.f.s.SourceFileManager [processSourceFiles] - Processing File GS23FBA005_usg_102014.csv as a 'CSV'
20:16:15.108 INFO  g.g.f.f.s.SourceFileManager [processCSV] - 152 out of 152 Records successfully processed in GS23FBA005_usg_102014.csv
20:16:15.108 INFO  g.g.f.f.s.SourceFileManager [processSourceFiles] - Processing File GS23FBA006_usg_102014.csv as a 'CSV'
20:16:15.136 INFO  g.g.f.f.s.SourceFileManager [processCSV] - 147 out of 147 Records successfully processed in GS23FBA006_usg_102014.csv
20:16:15.136 INFO  g.g.f.f.s.SourceFileManager [processSourceFiles] - Processing File GS23FBA007_usg_102014.csv as a 'CSV'
20:16:15.145 INFO  g.g.f.f.s.SourceFileManager [processCSV] - 111 out of 111 Records successfully processed in GS23FBA007_usg_102014.csv
20:16:15.145 INFO  g.g.f.f.s.SourceFileManager [processSourceFiles] - Processing File GS23FBA008_usg_102014.csv as a 'CSV'
20:16:15.169 INFO  g.g.f.f.s.SourceFileManager [processCSV] - 400 out of 400 Records successfully processed in GS23FBA008_usg_102014.csv
20:16:15.169 INFO  g.g.f.f.s.SourceFileManager [processSourceFiles] - Processing File GS23FBA009_usg_102014 test.csv as a 'CSV'
20:16:15.195 INFO  g.g.f.f.s.SourceFileManager [processCSV] - 575 out of 575 Records successfully processed in GS23FBA009_usg_102014 test.csv
20:16:15.195 INFO  g.g.f.f.s.SourceFileManager [processSourceFiles] - Processing File GS23FBA011_usg_102014.csv as a 'CSV'
20:16:15.232 INFO  g.g.f.f.s.SourceFileManager [processCSV] - 575 out of 575 Records successfully processed in GS23FBA011_usg_102014.csv
20:16:15.232 INFO  g.g.f.f.s.SourceFileManager [processSourceFiles] - Processing File GS23FBA012_usg_102014.csv as a 'CSV'
20:16:15.276 INFO  g.g.f.f.s.SourceFileManager [processCSV] - 1060 out of 1060 Records successfully processed in GS23FBA012_usg_102014.csv
20:16:15.276 INFO  g.g.f.f.s.SourceFileManager [processSourceFiles] - Processing File GS23FBA013_usg_102014.csv as a 'CSV'
20:16:15.286 INFO  g.g.f.f.s.SourceFileManager [processCSV] - 240 out of 240 Records successfully processed in GS23FBA013_usg_102014.csv
20:16:15.286 INFO  g.g.f.f.s.SourceFileManager [processSourceFiles] - Processing File GS23FBA014_usg_102014.csv as a 'CSV'
20:16:15.288 INFO  g.g.f.f.s.SourceFileManager [processCSV] - 30 out of 30 Records successfully processed in GS23FBA014_usg_102014.csv
20:16:15.288 INFO  g.g.f.f.s.SourceFileManager [processSourceFiles] - Processing File GS23FBA015_usg_102014.csv as a 'CSV'
20:16:16.691 INFO  g.g.f.f.s.SourceFileManager [processCSV] - 29141 out of 29141 Records successfully processed in GS23FBA015_usg_102014.csv
20:16:16.691 INFO  g.g.f.f.s.SourceFileManager [processSourceFiles] - Processing File GS23FBA016_usg_102014.csv as a 'CSV'
20:16:16.693 INFO  g.g.f.f.s.SourceFileManager [processCSV] - 98 out of 98 Records successfully processed in GS23FBA016_usg_102014.csv
20:16:16.693 INFO  g.g.f.f.s.SourceFileManager [processSourceFiles] - Processing File GS23FBA017_usg_102014.csv as a 'CSV'
20:16:16.697 INFO  g.g.f.f.s.SourceFileManager [processCSV] - 172 out of 172 Records successfully processed in GS23FBA017_usg_102014.csv
20:16:16.697 INFO  gov.gsa.fssi.fileprocessor.Main [main] - Completed Phase 3
20:16:16.697 INFO  gov.gsa.fssi.fileprocessor.Main [main] - Starting Phase 4: File Output
20:16:16.698 INFO  g.g.f.f.s.SourceFileManager [outputStagedSourceFiles] - Exporting File GS23FBA005_usg_102014.csv as a 'CSV'
20:16:16.753 INFO  g.g.f.f.s.SourceFileManager [outputStagedSourceFile] - GS23FBA005_usg_102014.csv Created Successfully. 152 Records processed
20:16:16.753 INFO  g.g.f.f.s.SourceFileManager [outputStagedSourceFiles] - Exporting File GS23FBA006_usg_102014.csv as a 'CSV'
20:16:16.770 INFO  g.g.f.f.s.SourceFileManager [outputStagedSourceFile] - GS23FBA006_usg_102014.csv Created Successfully. 147 Records processed
20:16:16.770 INFO  g.g.f.f.s.SourceFileManager [outputStagedSourceFiles] - Exporting File GS23FBA007_usg_102014.csv as a 'CSV'
20:16:16.775 INFO  g.g.f.f.s.SourceFileManager [outputStagedSourceFile] - GS23FBA007_usg_102014.csv Created Successfully. 111 Records processed
20:16:16.776 INFO  g.g.f.f.s.SourceFileManager [outputStagedSourceFiles] - Exporting File GS23FBA008_usg_102014.csv as a 'CSV'
20:16:16.784 INFO  g.g.f.f.s.SourceFileManager [outputStagedSourceFile] - GS23FBA008_usg_102014.csv Created Successfully. 400 Records processed
20:16:16.784 INFO  g.g.f.f.s.SourceFileManager [outputStagedSourceFiles] - Exporting File GS23FBA009_usg_102014 test.csv as a 'CSV'
20:16:16.795 INFO  g.g.f.f.s.SourceFileManager [outputStagedSourceFile] - GS23FBA009_usg_102014 test.csv Created Successfully. 575 Records processed
20:16:16.795 INFO  g.g.f.f.s.SourceFileManager [outputStagedSourceFiles] - Exporting File csv as a 'XLSX'
20:16:16.795 ERROR g.g.f.f.s.SourceFileManager [outputStagedSourceFiles] - We don't currently handle XLSX output at this point
20:16:16.796 INFO  g.g.f.f.s.SourceFileManager [outputStagedSourceFiles] - Exporting File GS23FBA012_usg_102014.csv as a 'CSV'
20:16:16.815 INFO  g.g.f.f.s.SourceFileManager [outputStagedSourceFile] - GS23FBA012_usg_102014.csv Created Successfully. 1060 Records processed
20:16:16.815 INFO  g.g.f.f.s.SourceFileManager [outputStagedSourceFiles] - Exporting File GS23FBA013_usg_102014.csv as a 'CSV'
20:16:16.820 INFO  g.g.f.f.s.SourceFileManager [outputStagedSourceFile] - GS23FBA013_usg_102014.csv Created Successfully. 240 Records processed
20:16:16.820 INFO  g.g.f.f.s.SourceFileManager [outputStagedSourceFiles] - Exporting File GS23FBA014_usg_102014.csv as a 'CSV'
20:16:16.821 INFO  g.g.f.f.s.SourceFileManager [outputStagedSourceFile] - GS23FBA014_usg_102014.csv Created Successfully. 30 Records processed
20:16:16.821 INFO  g.g.f.f.s.SourceFileManager [outputStagedSourceFiles] - Exporting File GS23FBA015_usg_102014.csv as a 'CSV'
20:16:17.182 INFO  g.g.f.f.s.SourceFileManager [outputStagedSourceFile] - GS23FBA015_usg_102014.csv Created Successfully. 29141 Records processed
20:16:17.190 INFO  g.g.f.f.s.SourceFileManager [outputStagedSourceFiles] - Exporting File GS23FBA016_usg_102014.csv as a 'CSV'
20:16:17.191 INFO  g.g.f.f.s.SourceFileManager [outputStagedSourceFile] - GS23FBA016_usg_102014.csv Created Successfully. 98 Records processed
20:16:17.192 INFO  g.g.f.f.s.SourceFileManager [outputStagedSourceFiles] - Exporting File GS23FBA017_usg_102014.csv as a 'CSV'
20:16:17.194 INFO  g.g.f.f.s.SourceFileManager [outputStagedSourceFile] - GS23FBA017_usg_102014.csv Created Successfully. 172 Records processed
20:16:17.194 INFO  gov.gsa.fssi.fileprocessor.Main [main] - Completed FSSI File Processor
